2021-03-25 12:59:31 info: ---------------------------------------------
2021-03-25 12:59:31 info: >>> Running Unit Test `ex1-programmerFun` <<<
2021-03-25 12:59:31 info: ---------------------------------------------
2021-03-25 12:59:31 info: Exercise has not yet been modified
2021-03-25 12:59:38 error: *** Unit Test Error Report ***

Command failed: npx jest ex1-programmerFun --silent false --verbose false --reporters="/Users/ranaalkhoudari/Desktop/javaScript/Homework/test-runner/CustomReporter.js"
2021-03-25 01:11:22 info: ---------------------------------------------
2021-03-25 01:11:22 info: >>> Running Unit Test `ex1-programmerFun` <<<
2021-03-25 01:11:22 info: ---------------------------------------------
2021-03-25 01:11:22 info: Exercise has not yet been modified
2021-03-25 01:11:29 error: *** Unit Test Error Report ***

Command failed: npx jest ex1-programmerFun --silent false --verbose false --reporters="/Users/ranaalkhoudari/Desktop/javaScript/Homework/test-runner/CustomReporter.js"
2021-03-25 01:20:36 info: ---------------------------------------------
2021-03-25 01:20:36 info: >>> Running Unit Test `ex1-programmerFun` <<<
2021-03-25 01:20:36 info: ---------------------------------------------
2021-03-25 01:20:36 info: Exercise has not yet been modified
2021-03-25 01:20:44 info: All unit tests passed.
2021-03-25 01:20:47 info: All steps were completed successfully
2021-03-25 02:31:50 info: ----------------------------------------
2021-03-25 02:31:50 info: >>> Running Unit Test `ex4-diceRace` <<<
2021-03-25 02:31:50 info: ----------------------------------------
2021-03-25 02:31:56 info: All unit tests passed.
2021-03-25 02:31:58 info: All steps were completed successfully
2021-03-25 10:49:19 info: ------------------------------------------
2021-03-25 10:49:19 info: >>> Running Unit Test `ex2-pokemonApp` <<<
2021-03-25 10:49:19 info: ------------------------------------------
2021-03-25 10:49:27 info: All unit tests passed.
2021-03-25 10:49:30 info: All steps were completed successfully
2021-03-25 11:04:25 info: ------------------------------------------
2021-03-25 11:04:25 info: >>> Running Unit Test `ex2-pokemonApp` <<<
2021-03-25 11:04:25 info: ------------------------------------------
2021-03-25 11:04:33 info: All unit tests passed.
2021-03-25 11:04:35 info: All steps were completed successfully
2021-03-25 11:22:15 info: -----------------------------------------
2021-03-25 11:22:15 info: >>> Running Unit Test `ex3-rollAnAce` <<<
2021-03-25 11:22:15 info: -----------------------------------------
2021-03-25 11:22:21 info: All unit tests passed.
2021-03-25 11:22:22 error: *** ESLint Report ***

ex3-rollAnAce.js
  13:1  warning  Remove commented-out code                         hyf/no-commented-out-code
  26:7  warning  'value' is never reassigned. Use 'const' instead  no-autofix/prefer-const

✖ 2 problems (0 errors, 2 warnings)


2021-03-25 11:30:46 info: ---------------------------------------------
2021-03-25 11:30:46 info: >>> Running Unit Test `ex1-programmerFun` <<<
2021-03-25 11:30:46 info: ---------------------------------------------
2021-03-25 11:30:54 info: All unit tests passed.
2021-03-25 11:30:56 info: All steps were completed successfully
2021-03-25 11:45:43 info: -----------------------------------------
2021-03-25 11:45:43 info: >>> Running Unit Test `ex3-rollAnAce` <<<
2021-03-25 11:45:43 info: -----------------------------------------
2021-03-25 11:45:49 info: All unit tests passed.
2021-03-25 11:45:51 info: All steps were completed successfully
2021-03-26 01:00:58 info: ----------------------------------------
2021-03-26 01:00:58 info: >>> Running Unit Test `ex5-vscDebug` <<<
2021-03-26 01:00:58 info: ----------------------------------------
2021-03-26 01:00:58 warn: A unit test file was not provided.
2021-03-26 01:01:01 info: All steps were completed successfully
2021-03-26 01:24:49 info: ----------------------------------------
2021-03-26 01:24:49 info: >>> Running Unit Test `ex5-vscDebug` <<<
2021-03-26 01:24:49 info: ----------------------------------------
2021-03-26 01:24:49 warn: A unit test file was not provided.
2021-03-26 01:24:53 info: All steps were completed successfully
2021-03-26 01:25:59 info: ----------------------------------------
2021-03-26 01:25:59 info: >>> Running Unit Test `ex5-vscDebug` <<<
2021-03-26 01:25:59 info: ----------------------------------------
2021-03-26 01:25:59 warn: A unit test file was not provided.
2021-03-26 01:26:02 info: All steps were completed successfully
2021-03-26 01:34:47 info: --------------------------------------------
2021-03-26 01:34:47 info: >>> Running Unit Test `ex6-browserDebug` <<<
2021-03-26 01:34:47 info: --------------------------------------------
2021-03-26 01:34:47 warn: A unit test file was not provided.
2021-03-26 01:34:50 info: All steps were completed successfully
2021-03-26 01:37:00 info: --------------------------------------------
2021-03-26 01:37:00 info: >>> Running Unit Test `ex6-browserDebug` <<<
2021-03-26 01:37:00 info: --------------------------------------------
2021-03-26 01:37:00 warn: A unit test file was not provided.
2021-03-26 01:37:03 info: All steps were completed successfully
2021-03-27 08:10:53 info: ------------------------------------------
2021-03-27 08:10:53 info: >>> Running Unit Test `ex2-pokemonApp` <<<
2021-03-27 08:10:53 info: ------------------------------------------
2021-03-27 08:11:02 info: All unit tests passed.
2021-03-27 08:11:04 info: All steps were completed successfully
2021-03-27 10:59:54 info: ------------------------------------------
2021-03-27 10:59:54 info: >>> Running Unit Test `ex2-pokemonApp` <<<
2021-03-27 10:59:54 info: ------------------------------------------
2021-03-27 11:00:02 info: All unit tests passed.
2021-03-27 11:00:04 info: All steps were completed successfully
2021-03-28 08:19:00 info: ----------------------------------------
2021-03-28 08:19:00 info: >>> Running Unit Test `ex4-diceRace` <<<
2021-03-28 08:19:00 info: ----------------------------------------
2021-03-28 08:19:06 info: All unit tests passed.
2021-03-28 08:19:07 error: *** ESLint Report ***

ex4-diceRace.js
  33:1  warning  Remove commented-out code  hyf/no-commented-out-code

✖ 1 problem (0 errors, 1 warning)


2021-03-28 08:20:04 info: ----------------------------------------
2021-03-28 08:20:04 info: >>> Running Unit Test `ex4-diceRace` <<<
2021-03-28 08:20:04 info: ----------------------------------------
2021-03-28 08:20:09 info: All unit tests passed.
2021-03-28 08:20:10 error: *** ESLint Report ***

ex4-diceRace.js
  33:1  warning  Remove commented-out code  hyf/no-commented-out-code

✖ 1 problem (0 errors, 1 warning)


2021-03-28 08:20:46 info: ---------------------------------------------
2021-03-28 08:20:46 info: >>> Running Unit Test `ex1-programmerFun` <<<
2021-03-28 08:20:46 info: ---------------------------------------------
2021-03-28 08:20:51 info: All unit tests passed.
2021-03-28 08:20:53 info: All steps were completed successfully
2021-03-28 08:21:00 info: ------------------------------------------
2021-03-28 08:21:00 info: >>> Running Unit Test `ex2-pokemonApp` <<<
2021-03-28 08:21:00 info: ------------------------------------------
2021-03-28 08:21:05 info: All unit tests passed.
2021-03-28 08:21:07 info: All steps were completed successfully
2021-03-28 08:21:17 info: -----------------------------------------
2021-03-28 08:21:17 info: >>> Running Unit Test `ex3-rollAnAce` <<<
2021-03-28 08:21:17 info: -----------------------------------------
2021-03-28 08:21:19 info: All unit tests passed.
2021-03-28 08:21:21 info: All steps were completed successfully
2021-03-28 08:21:35 info: ----------------------------------------
2021-03-28 08:21:35 info: >>> Running Unit Test `ex5-vscDebug` <<<
2021-03-28 08:21:35 info: ----------------------------------------
2021-03-28 08:21:35 warn: A unit test file was not provided.
2021-03-28 08:21:37 info: All steps were completed successfully
